2024-07-26 04:37:43,011 INFO s.s.S.SPdfApplication [main] Starting SPdfApplication v0.26.1 using Java 21.0.3 with PID 10 (/app-security.jar started by root in /)
2024-07-26 04:37:43,023 INFO s.s.S.SPdfApplication [main] No active profile set, falling back to 1 default profile: "default"
2024-07-26 04:37:43,871 INFO o.s.d.r.c.RepositoryConfigurationDelegate [main] Bootstrapping Spring Data JPA repositories in DEFAULT mode.
2024-07-26 04:37:43,997 INFO o.s.d.r.c.RepositoryConfigurationDelegate [main] Finished Spring Data repository scanning in 117 ms. Found 3 JPA repository interfaces.
2024-07-26 04:37:44,840 INFO o.s.b.w.e.j.JettyServletWebServerFactory [main] Server initialized with port: 8080
2024-07-26 04:37:44,853 INFO o.e.j.s.Server [main] jetty-12.0.7; built: 2024-02-29T21:19:41.771Z; git: c89aca8fd34083befd79f328a3b8b6ffff04347e; jvm 21.0.3+9-alpine-r0
2024-07-26 04:37:44,887 INFO o.e.j.s.h.C.application [main] Initializing Spring embedded WebApplicationContext
2024-07-26 04:37:44,889 INFO o.s.b.w.s.c.ServletWebServerApplicationContext [main] Root WebApplicationContext: initialization completed in 1806 ms
2024-07-26 04:37:45,178 INFO o.h.j.i.u.LogHelper [main] HHH000204: Processing PersistenceUnitInfo [name: default]
2024-07-26 04:37:45,232 INFO o.h.Version [main] HHH000412: Hibernate ORM core version 6.4.4.Final
2024-07-26 04:37:45,258 INFO o.h.c.i.RegionFactoryInitiator [main] HHH000026: Second-level cache disabled
2024-07-26 04:37:45,475 INFO o.s.o.j.p.SpringPersistenceUnitInfo [main] No LoadTimeWeaver setup: ignoring JPA class transformer
2024-07-26 04:37:45,498 INFO c.z.h.HikariDataSource [main] HikariPool-1 - Starting...
2024-07-26 04:37:45,657 INFO c.z.h.p.HikariPool [main] HikariPool-1 - Added connection conn0: url=jdbc:h2:file:./configs/stirling-pdf-DB user=SA
2024-07-26 04:37:45,658 INFO c.z.h.HikariDataSource [main] HikariPool-1 - Start completed.
2024-07-26 04:37:46,385 INFO o.h.e.t.j.p.i.JtaPlatformInitiator [main] HHH000489: No JTA platform available (set 'hibernate.transaction.jta.platform' to enable JTA platform integration)
2024-07-26 04:37:46,416 INFO o.s.o.j.LocalContainerEntityManagerFactoryBean [main] Initialized JPA EntityManagerFactory for persistence unit 'default'
2024-07-26 04:37:46,776 INFO o.e.j.s.DefaultSessionIdManager [main] Session workerName=node0
2024-07-26 04:37:46,785 INFO o.e.j.s.h.ContextHandler [main] Started osbwej.JettyEmbeddedWebAppContext@3741a170{application,/,b=[file:/tmp/jetty-docbase.8080.13747754252319977505/, URLResource@E78D3329(jar:nested:///app-security.jar/!BOOT-INF/lib/swagger-ui-5.2.0.jar!/META-INF/resources/)],a=AVAILABLE,h=oeje10s.SessionHandler@6c5e6da{STARTED}}
2024-07-26 04:37:46,786 INFO o.e.j.e.s.ServletContextHandler [main] Started osbwej.JettyEmbeddedWebAppContext@3741a170{application,/,b=[file:/tmp/jetty-docbase.8080.13747754252319977505/, URLResource@E78D3329(jar:nested:///app-security.jar/!BOOT-INF/lib/swagger-ui-5.2.0.jar!/META-INF/resources/)],a=AVAILABLE,h=oeje10s.SessionHandler@6c5e6da{STARTED}}
2024-07-26 04:37:46,797 INFO o.e.j.s.Server [main] Started oejs.Server@56266bda{STARTING}[12.0.7,sto=0] @4857ms
2024-07-26 04:37:46,806 INFO s.s.S.SPdfApplication [main] Running configs ApplicationProperties [security=Security [enableLogin=false, oauth2=null, initialLogin=null, csrfDisabled=true], system=System [defaultLocale=en-US, googlevisibility=false, enableAlphaFunctionality=false, showUpdate=false, showUpdateOnlyAdmin=false], ui=UserInterface [appName=PDF Tools, homeDescription=Tools PDF, appNameNavbar=], endpoints=Endpoints [toRemove=[], groupsToRemove=[]], metrics=Metrics [enabled=true], automaticallyGenerated=AutomaticallyGenerated [key=MASKED], autoPipeline=null]
2024-07-26 04:37:47,397 INFO s.s.S.c.EndpointConfiguration [main] Disabling pdf-to-book
2024-07-26 04:37:47,398 INFO s.s.S.c.EndpointConfiguration [main] Disabling book-to-pdf
2024-07-26 04:37:47,852 WARN o.s.b.a.o.j.JpaBaseConfiguration$JpaWebConfiguration [main] spring.jpa.open-in-view is enabled by default. Therefore, database queries may be performed during view rendering. Explicitly configure spring.jpa.open-in-view to disable this warning
2024-07-26 04:37:47,935 INFO o.s.b.a.w.s.WelcomePageHandlerMapping [main] Adding welcome page: ServletContext resource [/index.html]
2024-07-26 04:37:48,168 INFO o.s.b.a.e.w.EndpointLinksResolver [main] Exposing 1 endpoint(s) beneath base path '/actuator'
2024-07-26 04:37:48,204 INFO o.s.s.w.DefaultSecurityFilterChain [main] Will secure any request with [org.springframework.security.web.session.DisableEncodeUrlFilter@5ace2ce3, org.springframework.security.web.context.request.async.WebAsyncManagerIntegrationFilter@39c821c6, org.springframework.security.web.context.SecurityContextHolderFilter@84398a, org.springframework.security.web.header.HeaderWriterFilter@5c501f62, org.springframework.web.filter.CorsFilter@6cd9cafb, org.springframework.security.web.authentication.logout.LogoutFilter@7921eb37, stirling.software.SPDF.config.security.UserAuthenticationFilter@1179731c, org.springframework.security.web.savedrequest.RequestCacheAwareFilter@793942d9, org.springframework.security.web.servletapi.SecurityContextHolderAwareRequestFilter@b8d8fb7, org.springframework.security.web.authentication.AnonymousAuthenticationFilter@3da20c42, org.springframework.security.web.access.ExceptionTranslationFilter@2e7de98a, org.springframework.security.web.access.intercept.AuthorizationFilter@5b0af511]
2024-07-26 04:37:48,559 INFO o.e.j.s.h.C.application [main] Initializing Spring DispatcherServlet 'dispatcherServlet'
2024-07-26 04:37:48,559 INFO o.s.w.s.DispatcherServlet [main] Initializing Servlet 'dispatcherServlet'
2024-07-26 04:37:48,560 INFO o.s.w.s.DispatcherServlet [main] Completed initialization in 1 ms
2024-07-26 04:37:48,575 INFO o.e.j.s.AbstractConnector [main] Started ServerConnector@36689eb5{HTTP/1.1, (http/1.1)}{0.0.0.0:8080}
2024-07-26 04:37:48,576 INFO o.s.b.w.e.j.JettyWebServer [main] Jetty started on port 8080 (http/1.1) with context path '/'
2024-07-26 04:37:48,592 INFO s.s.S.SPdfApplication [main] Started SPdfApplication in 6.001 seconds (process running for 6.652)
2024-07-26 04:37:48,602 WARN s.s.S.u.FileMonitor [scheduling-1] not monitoring any directory, even the root directory itself: ./pipeline/watchedFolders
2024-07-26 04:37:48,603 INFO s.s.S.u.FileMonitor [scheduling-1] Registered directory: ./pipeline/watchedFolders
2024-07-26 04:37:49,598 INFO s.s.S.SPdfApplication [main] Stirling-PDF Started.
2024-07-26 04:37:49,598 INFO s.s.S.SPdfApplication [main] Navigate to http://localhost:8080
2024-07-26 04:40:45,707 INFO o.s.a.AbstractOpenApiResource [qtp1864683077-65] Init duration for springdoc-openapi is: 861 ms
2024-07-26 04:40:45,891 WARN o.s.w.s.m.s.DefaultHandlerExceptionResolver [qtp1864683077-65] Resolved [org.springframework.web.context.request.async.AsyncRequestNotUsableException: ServletOutputStream failed to write: null]
2024-07-26 04:41:32,842 INFO s.s.S.u.ProcessExecutor [qtp1864683077-53] Running command: unoconv -vvv -f pdf -o /tmp/output_8444921944019753648.pdf /tmp/input_6963265777815599003.xlsx
2024-07-26 04:41:33,132 INFO s.s.S.u.ProcessExecutor [Thread-32] Verbosity set to level 3
2024-07-26 04:41:33,133 INFO s.s.S.u.ProcessExecutor [Thread-32] DEBUG: Connection type: socket,host=127.0.0.1,port=2002,tcpNoDelay=1;urp;StarOffice.ComponentContext
2024-07-26 04:41:33,134 INFO s.s.S.u.ProcessExecutor [Thread-32] DEBUG: Existing listener not found.
2024-07-26 04:41:33,135 INFO s.s.S.u.ProcessExecutor [Thread-32] DEBUG: Launching our own listener using /usr/lib/libreoffice/program/soffice.bin.
2024-07-26 04:41:33,191 INFO s.s.S.u.ProcessExecutor [Thread-32] /usr/bin/unoconv:860: DeprecationWarning: distutils Version classes are deprecated. Use packaging.version instead.
2024-07-26 04:41:33,192 INFO s.s.S.u.ProcessExecutor [Thread-32]   if product.ooName not in ('LibreOffice', 'LOdev') or LooseVersion(product.ooSetupVersion) <= LooseVersion('3.3'):
2024-07-26 04:41:34,194 INFO s.s.S.u.ProcessExecutor [Thread-32] DEBUG: Caught exit code 81 (new installation). Restarting listener.
2024-07-26 04:41:34,195 INFO s.s.S.u.ProcessExecutor [Thread-32] DEBUG: Existing listener not found.
2024-07-26 04:41:34,198 INFO s.s.S.u.ProcessExecutor [Thread-32] DEBUG: Launching our own listener using /usr/lib/libreoffice/program/soffice.bin.
2024-07-26 04:41:35,224 INFO s.s.S.u.ProcessExecutor [Thread-32] Input file: /tmp/input_6963265777815599003.xlsx
2024-07-26 04:41:35,522 INFO s.s.S.u.ProcessExecutor [Thread-32] DEBUG: Terminating LibreOffice instance.
2024-07-26 04:41:35,522 INFO s.s.S.u.ProcessExecutor [Thread-32] DEBUG: Waiting for LibreOffice instance to exit.
2024-07-26 04:41:35,546 INFO s.s.S.u.ProcessExecutor [Thread-33] Using office base path: /usr/lib/libreoffice
2024-07-26 04:41:35,547 INFO s.s.S.u.ProcessExecutor [Thread-33] Using office binary path: /usr/lib/libreoffice/program
2024-07-26 04:41:35,547 INFO s.s.S.u.ProcessExecutor [Thread-33] LibreOffice listener arguments are ['/usr/lib/libreoffice/program/soffice.bin', '--headless', '--invisible', '--nocrashreport', '--nodefault', '--nofirststartwizard', '--nologo', '--norestore', '--accept=socket,host=127.0.0.1,port=2002,tcpNoDelay=1;urp;StarOffice.ComponentContext'].
2024-07-26 04:41:35,547 INFO s.s.S.u.ProcessExecutor [Thread-33] LibreOffice listener successfully started. (pid=158)
2024-07-26 04:41:35,549 INFO s.s.S.u.ProcessExecutor [Thread-33] LibreOffice listener arguments are ['/usr/lib/libreoffice/program/soffice.bin', '--headless', '--invisible', '--nocrashreport', '--nodefault', '--nofirststartwizard', '--nologo', '--norestore', '--accept=socket,host=127.0.0.1,port=2002,tcpNoDelay=1;urp;StarOffice.ComponentContext'].
2024-07-26 04:41:35,549 INFO s.s.S.u.ProcessExecutor [Thread-33] LibreOffice listener successfully started. (pid=162)
2024-07-26 04:41:35,549 INFO s.s.S.u.ProcessExecutor [Thread-33] Selected output format: Portable Document Format [.pdf]
2024-07-26 04:41:35,549 INFO s.s.S.u.ProcessExecutor [Thread-33] Selected office filter: calc_pdf_Export
2024-07-26 04:41:35,549 INFO s.s.S.u.ProcessExecutor [Thread-33] Used doctype: spreadsheet
2024-07-26 04:41:35,549 INFO s.s.S.u.ProcessExecutor [Thread-33] Output file: file:///tmp/output_8444921944019753648.pdf
2024-07-26 06:45:40,875 INFO o.s.c.i.s.PathMatchingResourcePatternResolver [qtp1864683077-54] Skipping search for files matching pattern [*]: directory [/customFiles/static/fonts] does not exist
2024-07-26 06:55:19,393 INFO s.s.S.u.ProcessExecutor [qtp1864683077-47] Running command: soffice --headless --nologo --infilter=writer_pdf_import --convert-to doc --outdir /tmp/output_11785871740257229669 /tmp/input_13581690917183329406.pdf
2024-07-26 06:55:31,401 INFO s.s.S.u.ProcessExecutor [Thread-47] convert /tmp/input_13581690917183329406.pdf as a Writer document -> /tmp/output_11785871740257229669/input_13581690917183329406.doc using filter : MS Word 97
2024-07-26 06:55:36,634 INFO s.s.S.u.ProcessExecutor [qtp1864683077-84] Running command: soffice --headless --nologo --infilter=writer_pdf_import --convert-to docx --outdir /tmp/output_8082607350603014982 /tmp/input_14816738120806014063.pdf
2024-07-26 06:55:37,577 WARN o.s.w.s.m.s.DefaultHandlerExceptionResolver [qtp1864683077-47] Resolved [org.springframework.web.context.request.async.AsyncRequestNotUsableException: ServletOutputStream failed to write: null]
2024-07-26 06:55:45,590 INFO s.s.S.u.ProcessExecutor [Thread-50] convert /tmp/input_14816738120806014063.pdf as a Writer document -> /tmp/output_8082607350603014982/input_14816738120806014063.docx using filter : MS Word 2007 XML
2024-07-26 07:04:29,738 INFO s.s.S.u.ProcessExecutor [qtp1864683077-98] Running command: soffice --headless --nologo --infilter=writer_pdf_import --convert-to docx --outdir /tmp/output_14636120200362946806 /tmp/input_9217476705481188835.pdf
2024-07-26 07:04:32,089 INFO s.s.S.u.ProcessExecutor [Thread-62] convert /tmp/input_9217476705481188835.pdf as a Writer document -> /tmp/output_14636120200362946806/input_9217476705481188835.docx using filter : MS Word 2007 XML
2024-07-26 07:04:43,129 INFO s.s.S.u.ProcessExecutor [qtp1864683077-106] Running command: soffice --headless --nologo --infilter=writer_pdf_import --convert-to docx --outdir /tmp/output_2686748754242672866 /tmp/input_4272901619345136910.pdf
2024-07-26 07:04:44,937 INFO s.s.S.u.ProcessExecutor [Thread-64] convert /tmp/input_4272901619345136910.pdf as a Writer document -> /tmp/output_2686748754242672866/input_4272901619345136910.docx using filter : MS Word 2007 XML
2024-07-26 07:10:12,236 INFO s.s.S.SPdfApplication [main] Starting SPdfApplication v0.26.1 using Java 21.0.3 with PID 10 (/app-security.jar started by root in /)
2024-07-26 07:10:12,240 INFO s.s.S.SPdfApplication [main] No active profile set, falling back to 1 default profile: "default"
2024-07-26 07:10:13,044 INFO o.s.d.r.c.RepositoryConfigurationDelegate [main] Bootstrapping Spring Data JPA repositories in DEFAULT mode.
2024-07-26 07:10:13,117 INFO o.s.d.r.c.RepositoryConfigurationDelegate [main] Finished Spring Data repository scanning in 66 ms. Found 3 JPA repository interfaces.
2024-07-26 07:10:14,046 INFO o.s.b.w.e.j.JettyServletWebServerFactory [main] Server initialized with port: 8080
2024-07-26 07:10:14,066 INFO o.e.j.s.Server [main] jetty-12.0.7; built: 2024-02-29T21:19:41.771Z; git: c89aca8fd34083befd79f328a3b8b6ffff04347e; jvm 21.0.3+9-alpine-r0
2024-07-26 07:10:14,136 INFO o.e.j.s.h.C.application [main] Initializing Spring embedded WebApplicationContext
2024-07-26 07:10:14,138 INFO o.s.b.w.s.c.ServletWebServerApplicationContext [main] Root WebApplicationContext: initialization completed in 1845 ms
2024-07-26 07:10:14,540 INFO o.h.j.i.u.LogHelper [main] HHH000204: Processing PersistenceUnitInfo [name: default]
2024-07-26 07:10:14,616 INFO o.h.Version [main] HHH000412: Hibernate ORM core version 6.4.4.Final
2024-07-26 07:10:14,641 INFO o.h.c.i.RegionFactoryInitiator [main] HHH000026: Second-level cache disabled
2024-07-26 07:10:14,839 INFO o.s.o.j.p.SpringPersistenceUnitInfo [main] No LoadTimeWeaver setup: ignoring JPA class transformer
2024-07-26 07:10:14,871 INFO c.z.h.HikariDataSource [main] HikariPool-1 - Starting...
2024-07-26 07:10:14,991 INFO c.z.h.p.HikariPool [main] HikariPool-1 - Added connection conn0: url=jdbc:h2:file:./configs/stirling-pdf-DB user=SA
2024-07-26 07:10:14,992 INFO c.z.h.HikariDataSource [main] HikariPool-1 - Start completed.
2024-07-26 07:10:15,723 INFO o.h.e.t.j.p.i.JtaPlatformInitiator [main] HHH000489: No JTA platform available (set 'hibernate.transaction.jta.platform' to enable JTA platform integration)
2024-07-26 07:10:15,755 INFO o.s.o.j.LocalContainerEntityManagerFactoryBean [main] Initialized JPA EntityManagerFactory for persistence unit 'default'
2024-07-26 07:10:16,152 INFO o.e.j.s.DefaultSessionIdManager [main] Session workerName=node0
2024-07-26 07:10:16,157 INFO o.e.j.s.h.ContextHandler [main] Started osbwej.JettyEmbeddedWebAppContext@8ae7e03{application,/,b=[file:/tmp/jetty-docbase.8080.7930614463487434221/, URLResource@E78D3329(jar:nested:///app-security.jar/!BOOT-INF/lib/swagger-ui-5.2.0.jar!/META-INF/resources/)],a=AVAILABLE,h=oeje10s.SessionHandler@6b6b4177{STARTED}}
2024-07-26 07:10:16,159 INFO o.e.j.e.s.ServletContextHandler [main] Started osbwej.JettyEmbeddedWebAppContext@8ae7e03{application,/,b=[file:/tmp/jetty-docbase.8080.7930614463487434221/, URLResource@E78D3329(jar:nested:///app-security.jar/!BOOT-INF/lib/swagger-ui-5.2.0.jar!/META-INF/resources/)],a=AVAILABLE,h=oeje10s.SessionHandler@6b6b4177{STARTED}}
2024-07-26 07:10:16,174 INFO o.e.j.s.Server [main] Started oejs.Server@1d8be7b9{STARTING}[12.0.7,sto=0] @5110ms
2024-07-26 07:10:16,189 INFO s.s.S.SPdfApplication [main] Running configs ApplicationProperties [security=Security [enableLogin=false, oauth2=null, initialLogin=null, csrfDisabled=true], system=System [defaultLocale=en-US, googlevisibility=false, enableAlphaFunctionality=false, showUpdate=false, showUpdateOnlyAdmin=false], ui=UserInterface [appName=PDF Tools, homeDescription=Tools PDF, appNameNavbar=], endpoints=Endpoints [toRemove=[], groupsToRemove=[]], metrics=Metrics [enabled=true], automaticallyGenerated=AutomaticallyGenerated [key=MASKED], autoPipeline=null]
2024-07-26 07:10:16,600 INFO s.s.S.c.EndpointConfiguration [main] Disabling pdf-to-book
2024-07-26 07:10:16,601 INFO s.s.S.c.EndpointConfiguration [main] Disabling book-to-pdf
2024-07-26 07:10:17,004 WARN o.s.b.a.o.j.JpaBaseConfiguration$JpaWebConfiguration [main] spring.jpa.open-in-view is enabled by default. Therefore, database queries may be performed during view rendering. Explicitly configure spring.jpa.open-in-view to disable this warning
2024-07-26 07:10:17,129 INFO o.s.b.a.w.s.WelcomePageHandlerMapping [main] Adding welcome page: ServletContext resource [/index.html]
2024-07-26 07:10:17,424 INFO o.s.b.a.e.w.EndpointLinksResolver [main] Exposing 1 endpoint(s) beneath base path '/actuator'
2024-07-26 07:10:17,488 INFO o.s.s.w.DefaultSecurityFilterChain [main] Will secure any request with [org.springframework.security.web.session.DisableEncodeUrlFilter@7680cb52, org.springframework.security.web.context.request.async.WebAsyncManagerIntegrationFilter@2e44bc38, org.springframework.security.web.context.SecurityContextHolderFilter@322b500a, org.springframework.security.web.header.HeaderWriterFilter@28728558, org.springframework.web.filter.CorsFilter@2fba0d7a, org.springframework.security.web.authentication.logout.LogoutFilter@1ad176e1, stirling.software.SPDF.config.security.UserAuthenticationFilter@29511cf9, org.springframework.security.web.savedrequest.RequestCacheAwareFilter@2fc8e9b8, org.springframework.security.web.servletapi.SecurityContextHolderAwareRequestFilter@c5c7db1, org.springframework.security.web.authentication.AnonymousAuthenticationFilter@79b01476, org.springframework.security.web.access.ExceptionTranslationFilter@67a2fb00, org.springframework.security.web.access.intercept.AuthorizationFilter@2739f91b]
2024-07-26 07:10:17,830 INFO o.e.j.s.h.C.application [main] Initializing Spring DispatcherServlet 'dispatcherServlet'
2024-07-26 07:10:17,831 INFO o.s.w.s.DispatcherServlet [main] Initializing Servlet 'dispatcherServlet'
2024-07-26 07:10:17,833 INFO o.s.w.s.DispatcherServlet [main] Completed initialization in 2 ms
2024-07-26 07:10:17,853 INFO o.e.j.s.AbstractConnector [main] Started ServerConnector@3b045da7{HTTP/1.1, (http/1.1)}{0.0.0.0:8080}
2024-07-26 07:10:17,855 INFO o.s.b.w.e.j.JettyWebServer [main] Jetty started on port 8080 (http/1.1) with context path '/'
2024-07-26 07:10:17,873 INFO s.s.S.SPdfApplication [main] Started SPdfApplication in 6.181 seconds (process running for 6.81)
2024-07-26 07:10:17,885 WARN s.s.S.u.FileMonitor [scheduling-1] not monitoring any directory, even the root directory itself: ./pipeline/watchedFolders
2024-07-26 07:10:17,886 INFO s.s.S.u.FileMonitor [scheduling-1] Registered directory: ./pipeline/watchedFolders
2024-07-26 07:10:18,886 INFO s.s.S.SPdfApplication [main] Stirling-PDF Started.
2024-07-26 07:10:18,888 INFO s.s.S.SPdfApplication [main] Navigate to http://localhost:8080
2024-07-26 07:10:22,564 INFO o.s.a.AbstractOpenApiResource [qtp1267068395-48] Init duration for springdoc-openapi is: 562 ms
2024-07-26 07:10:32,265 INFO o.s.c.i.s.PathMatchingResourcePatternResolver [qtp1267068395-44] Skipping search for files matching pattern [*]: directory [/customFiles/static/fonts] does not exist
